2015-09-02 05:27:11,620 [INFO] CodeRunner(tm) Backendless Debugging Utility
2015-09-02 05:27:11,698 [INFO] Copyright(C) 2015 Backendless Corp. All rights reserved. 
2015-09-02 05:27:11,705 [INFO] Version: 2.1 Build date: 20150728-1412
2015-09-02 05:31:02,690 [INFO] CodeRunner(tm) Backendless Debugging Utility
2015-09-02 05:31:02,705 [INFO] Copyright(C) 2015 Backendless Corp. All rights reserved. 
2015-09-02 05:31:02,707 [INFO] Version: 2.1 Build date: 20150728-1412
2015-09-02 05:31:43,400 [ERROR] Can not download server code for appVersionId3E735219-7C88-5E91-FF96-233B98DE6E00
com.backendless.coderunner.commons.exception.CodeRunnerException: Can not download file from url: http://localhost:9000/servercode/classes/3E735219-7C88-5E91-FF96-233B98DE6E00/JAVA
	at com.backendless.coderunner.util.CodeRunnerUtil.downloadServerCodeFile(CodeRunnerUtil.java:153) ~[CodeRunner.jar:na]
	at com.backendless.coderunner.util.CodeManagement.downloadCode(CodeManagement.java:57) ~[CodeRunner.jar:na]
	at com.backendless.coderunner.holder.CodeExecutorFactory.createExecutor(CodeExecutorFactory.java:24) [CodeRunner.jar:na]
	at com.backendless.coderunner.holder.CodeExecutorHolder.getExecutor(CodeExecutorHolder.java:55) [CodeRunner.jar:na]
	at com.backendless.coderunner.processor.MessageDispatcher.onMessageReceived(MessageDispatcher.java:45) [CodeRunner.jar:na]
	at com.backendless.coderunner.processor.MessageProcessor.run(MessageProcessor.java:60) [CodeRunner.jar:na]
2015-09-02 07:55:27,188 [INFO] CodeRunner(tm) Backendless Debugging Utility
2015-09-02 07:55:27,223 [INFO] Copyright(C) 2015 Backendless Corp. All rights reserved. 
2015-09-02 07:55:27,223 [INFO] Version: 2.1 Build date: 20150728-1412
2015-09-02 07:58:09,636 [INFO] CodeRunner(tm) Backendless Debugging Utility
2015-09-02 07:58:09,641 [INFO] Copyright(C) 2015 Backendless Corp. All rights reserved. 
2015-09-02 07:58:09,641 [INFO] Version: 2.1 Build date: 20150728-1412
2015-09-02 07:58:10,267 [INFO] Registering runner on: http://localhost:9000 with secretKey: BDEC8F84-A5A9-A253-FF62-A66620DC4100
2015-09-02 07:58:14,895 [INFO] Runner successfully registered
2015-09-02 07:58:14,908 [INFO] Parsing event model...
2015-09-02 07:58:15,450 [WARN] Timer's 'timer' start time is in the past. The timer will run accordingly to the schedule.
2015-09-02 07:58:15,452 [WARN] Timer's 'timer1' start time is in the past. The timer will run accordingly to the schedule.
2015-09-02 07:58:18,484 [INFO] Build successfully: EventModel{timers=2, eventHandlers=100}
2015-09-02 07:58:18,485 [INFO] Deploying model to server, and starting debug...
2015-09-02 07:58:21,918 [INFO] Model successfully deployed...
2015-09-02 07:58:21,918 [INFO] Waiting for events...
2015-09-02 07:58:35,929 [INFO] Deploying 100 event handlers and 2 timers to the server… 
2015-09-02 07:58:40,169 [ERROR] Code publishing failed: You have reached your plan limit. Logon to Backendless Console and select Billing to add your credit card information. The credit card is required to modify the plan limits.
2015-09-02 07:58:44,731 [INFO] Debugging Utility disconnected successfully
2015-09-02 07:58:44,732 [INFO] Thank you for using Backendless
2015-09-02 08:04:49,929 [INFO] CodeRunner(tm) Backendless Debugging Utility
2015-09-02 08:04:49,940 [INFO] Copyright(C) 2015 Backendless Corp. All rights reserved. 
2015-09-02 08:04:49,940 [INFO] Version: 2.1 Build date: 20150728-1412
2015-09-02 08:04:50,554 [INFO] Registering runner on: http://localhost:9000 with secretKey: BDEC8F84-A5A9-A253-FF62-A66620DC4100
2015-09-02 08:04:51,879 [INFO] Runner successfully registered
2015-09-02 08:04:51,883 [INFO] Parsing event model...
2015-09-02 08:04:52,203 [WARN] Timer's 'timer1' start time is in the past. The timer will run accordingly to the schedule.
2015-09-02 08:04:52,205 [WARN] Timer's 'timer' start time is in the past. The timer will run accordingly to the schedule.
2015-09-02 08:04:54,264 [INFO] Build successfully: EventModel{timers=2, eventHandlers=100}
2015-09-02 08:04:54,265 [INFO] Deploying model to server, and starting debug...
2015-09-02 08:04:55,053 [INFO] Model successfully deployed...
2015-09-02 08:04:55,054 [INFO] Waiting for events...
2015-09-02 08:05:00,493 [INFO] Deploying 100 event handlers and 2 timers to the server… 
2015-09-02 08:05:04,207 [ERROR] Code publishing failed: You have reached your plan limit. Logon to Backendless Console and select Billing to add your credit card information. The credit card is required to modify the plan limits.
2015-09-02 08:06:35,325 [ERROR] Can not create executor for appVersionId: 3E735219-7C88-5E91-FF96-233B98DE6E00 and serviceVersionId: 9462468C-6A43-94A5-FF9F-67779F1DEF00
java.lang.ClassNotFoundException: com.backendless.Backendless
	at java.net.URLClassLoader.findClass(URLClassLoader.java:381) ~[na:1.8.0_40]
	at java.lang.ClassLoader.loadClass(ClassLoader.java:424) ~[na:1.8.0_40]
	at java.lang.ClassLoader.loadClass(ClassLoader.java:357) ~[na:1.8.0_40]
	at com.backendless.coderunner.runtime.CodeExecutor.initForServiceInvocation(CodeExecutor.java:127) ~[CodeRunner.jar:na]
	at com.backendless.coderunner.runtime.CodeExecutor.initClassLoader(CodeExecutor.java:118) ~[CodeRunner.jar:na]
	at com.backendless.coderunner.runtime.CodeExecutor.init(CodeExecutor.java:96) ~[CodeRunner.jar:na]
	at com.backendless.coderunner.holder.CodeExecutorFactory.createExecutor(CodeExecutorFactory.java:40) ~[CodeRunner.jar:na]
	at com.backendless.coderunner.holder.CodeExecutorHolder.getExecutor(CodeExecutorHolder.java:85) [CodeRunner.jar:na]
	at com.backendless.coderunner.processor.MessageDispatcher.onMessageReceived(MessageDispatcher.java:58) [CodeRunner.jar:na]
	at com.backendless.coderunner.processor.MessageProcessor.run(MessageProcessor.java:60) [CodeRunner.jar:na]
2015-09-02 08:06:35,394 [ERROR] main_application --- Error when set InvocationContext
java.lang.ClassNotFoundException: com.backendless.servercode.InvocationContext
	at java.net.URLClassLoader.findClass(URLClassLoader.java:381) ~[na:1.8.0_40]
	at java.lang.ClassLoader.loadClass(ClassLoader.java:424) ~[na:1.8.0_40]
	at java.lang.ClassLoader.loadClass(ClassLoader.java:357) ~[na:1.8.0_40]
	at com.backendless.coderunner.holder.CodeExecutorHolder.setInvocationContext(CodeExecutorHolder.java:102) [CodeRunner.jar:na]
	at com.backendless.coderunner.holder.CodeExecutorHolder.getExecutor(CodeExecutorHolder.java:91) [CodeRunner.jar:na]
	at com.backendless.coderunner.processor.MessageDispatcher.onMessageReceived(MessageDispatcher.java:58) [CodeRunner.jar:na]
	at com.backendless.coderunner.processor.MessageProcessor.run(MessageProcessor.java:60) [CodeRunner.jar:na]
2015-09-02 08:06:54,110 [ERROR] main_application --- Error when set InvocationContext
java.lang.ClassNotFoundException: com.backendless.servercode.InvocationContext
	at java.net.URLClassLoader.findClass(URLClassLoader.java:381) ~[na:1.8.0_40]
	at java.lang.ClassLoader.loadClass(ClassLoader.java:424) ~[na:1.8.0_40]
	at java.lang.ClassLoader.loadClass(ClassLoader.java:357) ~[na:1.8.0_40]
	at com.backendless.coderunner.holder.CodeExecutorHolder.setInvocationContext(CodeExecutorHolder.java:102) [CodeRunner.jar:na]
	at com.backendless.coderunner.holder.CodeExecutorHolder.getExecutor(CodeExecutorHolder.java:91) [CodeRunner.jar:na]
	at com.backendless.coderunner.processor.MessageDispatcher.onMessageReceived(MessageDispatcher.java:58) [CodeRunner.jar:na]
	at com.backendless.coderunner.processor.MessageProcessor.run(MessageProcessor.java:60) [CodeRunner.jar:na]
2015-09-02 08:06:59,858 [ERROR] main_application --- Error when set InvocationContext
java.lang.ClassNotFoundException: com.backendless.servercode.InvocationContext
	at java.net.URLClassLoader.findClass(URLClassLoader.java:381) ~[na:1.8.0_40]
	at java.lang.ClassLoader.loadClass(ClassLoader.java:424) ~[na:1.8.0_40]
	at java.lang.ClassLoader.loadClass(ClassLoader.java:357) ~[na:1.8.0_40]
	at com.backendless.coderunner.holder.CodeExecutorHolder.setInvocationContext(CodeExecutorHolder.java:102) [CodeRunner.jar:na]
	at com.backendless.coderunner.holder.CodeExecutorHolder.getExecutor(CodeExecutorHolder.java:91) [CodeRunner.jar:na]
	at com.backendless.coderunner.processor.MessageDispatcher.onMessageReceived(MessageDispatcher.java:58) [CodeRunner.jar:na]
	at com.backendless.coderunner.processor.MessageProcessor.run(MessageProcessor.java:60) [CodeRunner.jar:na]
2015-09-02 08:07:06,278 [ERROR] main_application --- Error when set InvocationContext
java.lang.ClassNotFoundException: com.backendless.servercode.InvocationContext
	at java.net.URLClassLoader.findClass(URLClassLoader.java:381) ~[na:1.8.0_40]
	at java.lang.ClassLoader.loadClass(ClassLoader.java:424) ~[na:1.8.0_40]
	at java.lang.ClassLoader.loadClass(ClassLoader.java:357) ~[na:1.8.0_40]
	at com.backendless.coderunner.holder.CodeExecutorHolder.setInvocationContext(CodeExecutorHolder.java:102) [CodeRunner.jar:na]
	at com.backendless.coderunner.holder.CodeExecutorHolder.getExecutor(CodeExecutorHolder.java:91) [CodeRunner.jar:na]
	at com.backendless.coderunner.processor.MessageDispatcher.onMessageReceived(MessageDispatcher.java:58) [CodeRunner.jar:na]
	at com.backendless.coderunner.processor.MessageProcessor.run(MessageProcessor.java:60) [CodeRunner.jar:na]
2015-09-02 08:15:04,212 [INFO] CodeRunner(tm) Backendless Debugging Utility
2015-09-02 08:15:04,223 [INFO] Copyright(C) 2015 Backendless Corp. All rights reserved. 
2015-09-02 08:15:04,224 [INFO] Version: 2.1 Build date: 20150728-1412
2015-09-02 08:52:27,327 [INFO] CodeRunner(tm) Backendless Debugging Utility
2015-09-02 08:52:27,352 [INFO] Copyright(C) 2015 Backendless Corp. All rights reserved. 
2015-09-02 08:52:27,353 [INFO] Version: 2.1 Build date: 20150728-1412
2015-09-02 08:53:42,662 [INFO] CodeRunner(tm) Backendless Debugging Utility
2015-09-02 08:53:42,681 [INFO] Copyright(C) 2015 Backendless Corp. All rights reserved. 
2015-09-02 08:53:42,682 [INFO] Version: 2.1 Build date: 20150728-1412
2015-09-02 08:53:43,494 [INFO] Registering runner on: http://localhost:9000 with secretKey: BDEC8F84-A5A9-A253-FF62-A66620DC4100
2015-09-02 08:53:46,717 [INFO] Runner successfully registered
2015-09-02 08:53:46,761 [INFO] Parsing event model...
2015-09-02 08:53:47,334 [WARN] Timer's 'timer1' start time is in the past. The timer will run accordingly to the schedule.
2015-09-02 08:53:47,335 [WARN] Timer's 'timer' start time is in the past. The timer will run accordingly to the schedule.
2015-09-02 08:53:47,540 [INFO] Build successfully: EventModel{timers=2, eventHandlers=100}
2015-09-02 08:53:47,541 [INFO] Deploying model to server, and starting debug...
2015-09-02 08:53:47,933 [WARN] CodeRunner was stopped from console!
2015-09-02 08:53:48,032 [INFO] Debugging Utility disconnected successfully
2015-09-02 08:53:48,033 [INFO] Thank you for using Backendless
2015-09-02 08:53:54,781 [INFO] CodeRunner(tm) Backendless Debugging Utility
2015-09-02 08:53:54,788 [INFO] Copyright(C) 2015 Backendless Corp. All rights reserved. 
2015-09-02 08:53:54,789 [INFO] Version: 2.1 Build date: 20150728-1412
2015-09-02 08:53:55,363 [INFO] Registering runner on: http://localhost:9000 with secretKey: BDEC8F84-A5A9-A253-FF62-A66620DC4100
2015-09-02 08:53:56,832 [INFO] Runner successfully registered
2015-09-02 08:53:56,836 [INFO] Parsing event model...
2015-09-02 08:53:56,973 [WARN] Timer's 'timer1' start time is in the past. The timer will run accordingly to the schedule.
2015-09-02 08:53:56,974 [WARN] Timer's 'timer' start time is in the past. The timer will run accordingly to the schedule.
2015-09-02 08:53:59,470 [INFO] Build successfully: EventModel{timers=2, eventHandlers=100}
2015-09-02 08:53:59,471 [INFO] Deploying model to server, and starting debug...
2015-09-02 08:54:00,490 [INFO] Model successfully deployed...
2015-09-02 08:54:00,491 [INFO] Waiting for events...
2015-09-02 08:54:10,929 [INFO] Deploying 100 event handlers and 2 timers to the server… 
2015-09-02 08:54:16,737 [INFO] Successfully deployed all event handlers and timers. 
2015-09-02 08:54:16,737 [WARN] The deployment will result in additional charges as it exceeds the free plan limit. 
2015-09-02 08:54:16,737 [INFO] See the Billing screen in Backendless Console for details.
2015-09-02 08:54:16,738 [INFO] The billing screen is available at Manage > Billing.
2015-09-02 08:54:16,738 [INFO] If you connected to coderunner for debug - please stop debugging
2015-09-02 08:54:16,738 [INFO] CodeRunner will shutdown now
2015-09-02 08:54:16,753 [INFO] Debugging Utility disconnected successfully
2015-09-02 08:54:16,754 [INFO] Thank you for using Backendless
2015-09-02 09:00:26,344 [INFO] CodeRunner(tm) Backendless Debugging Utility
2015-09-02 09:00:26,386 [INFO] Copyright(C) 2015 Backendless Corp. All rights reserved. 
2015-09-02 09:00:26,387 [INFO] Version: 2.1 Build date: 20150728-1412
2015-09-02 09:00:28,196 [INFO] Registering runner on: http://localhost:9000 with secretKey: BDEC8F84-A5A9-A253-FF62-A66620DC4100
2015-09-02 09:00:32,893 [INFO] Runner successfully registered
2015-09-02 09:00:32,923 [INFO] Parsing event model...
2015-09-02 09:00:33,365 [WARN] Timer's 'timer1' start time is in the past. The timer will run accordingly to the schedule.
2015-09-02 09:00:33,367 [WARN] Timer's 'timer' start time is in the past. The timer will run accordingly to the schedule.
2015-09-02 09:00:36,421 [INFO] Build successfully: EventModel{timers=2, eventHandlers=100}
2015-09-02 09:00:36,422 [INFO] Deploying model to server, and starting debug...
2015-09-02 09:00:39,420 [INFO] Model successfully deployed...
2015-09-02 09:00:39,420 [INFO] Waiting for events...
2015-09-02 09:00:59,119 [INFO] CodeRunner(tm) Backendless Debugging Utility
2015-09-02 09:00:59,131 [INFO] Copyright(C) 2015 Backendless Corp. All rights reserved. 
2015-09-02 09:00:59,131 [INFO] Version: 2.1 Build date: 20150728-1412
2015-09-02 09:01:40,635 [INFO] Deploying 100 event handlers and 2 timers to the server… 
2015-09-02 09:01:45,133 [INFO] Successfully deployed all event handlers and timers. 
2015-09-02 09:01:45,133 [WARN] The deployment will result in additional charges as it exceeds the free plan limit. 
2015-09-02 09:01:45,134 [INFO] See the Billing screen in Backendless Console for details.
2015-09-02 09:01:45,134 [INFO] The billing screen is available at Manage > Billing.
2015-09-02 09:01:45,134 [INFO] If you connected to coderunner for debug - please stop debugging
2015-09-02 09:01:45,134 [INFO] CodeRunner will shutdown now
2015-09-02 09:01:45,160 [INFO] Debugging Utility disconnected successfully
2015-09-02 09:01:45,160 [INFO] Thank you for using Backendless
